2016-06-06 21:48:19  INFO ClassPathXmlApplicationContext:512 - Refreshing org.springframework.context.support.ClassPathXmlApplicationContext@1d491e75: startup date [Mon Jun 06 21:48:19 CST 2016]; root of context hierarchy
2016-06-06 21:48:19  INFO XmlBeanDefinitionReader:316 - Loading XML bean definitions from class path resource [spring-server.xml]
2016-06-06 21:48:19  INFO PropertySourcesPlaceholderConfigurer:172 - Loading properties file from class path resource [rpc-server.properties]
2016-06-06 21:48:19  INFO DefaultListableBeanFactory:603 - Pre-instantiating singletons in org.springframework.beans.factory.support.DefaultListableBeanFactory@63e7280b: defining beans [helloServiceImpl,org.springframework.context.annotation.internalConfigurationAnnotationProcessor,org.springframework.context.annotation.internalAutowiredAnnotationProcessor,org.springframework.context.annotation.internalRequiredAnnotationProcessor,org.springframework.context.annotation.internalCommonAnnotationProcessor,org.springframework.context.support.PropertySourcesPlaceholderConfigurer#0,serviceRegistry,rpcServer,org.springframework.context.annotation.ConfigurationClassPostProcessor.importAwareProcessor]; root of factory hierarchy
2016-06-06 21:48:19  INFO RpcServer:100 - interface:[com.yangyang.rpc.test.client.HelloService] can provide service
2016-06-06 21:48:20 DEBUG RpcServer:79 - server started on port 18866
2016-06-06 21:48:20 DEBUG ServiceRegistry:60 - create zookeeper node (/register/data0000000017 => 127.0.0.1:18866)
2016-06-06 22:31:18  INFO ClassPathXmlApplicationContext:512 - Refreshing org.springframework.context.support.ClassPathXmlApplicationContext@49e608c2: startup date [Mon Jun 06 22:31:18 CST 2016]; root of context hierarchy
2016-06-06 22:31:18  INFO XmlBeanDefinitionReader:316 - Loading XML bean definitions from class path resource [spring-server.xml]
2016-06-06 22:31:19  INFO PropertySourcesPlaceholderConfigurer:172 - Loading properties file from class path resource [rpc-server.properties]
2016-06-06 22:31:19  INFO DefaultListableBeanFactory:603 - Pre-instantiating singletons in org.springframework.beans.factory.support.DefaultListableBeanFactory@63e7280b: defining beans [helloServiceImpl,org.springframework.context.annotation.internalConfigurationAnnotationProcessor,org.springframework.context.annotation.internalAutowiredAnnotationProcessor,org.springframework.context.annotation.internalRequiredAnnotationProcessor,org.springframework.context.annotation.internalCommonAnnotationProcessor,org.springframework.context.support.PropertySourcesPlaceholderConfigurer#0,serviceRegistry,rpcServer,org.springframework.context.annotation.ConfigurationClassPostProcessor.importAwareProcessor]; root of factory hierarchy
2016-06-06 22:31:19  INFO RpcServer:100 - interface:[com.yangyang.rpc.test.client.HelloService] can provide service
2016-06-06 22:31:19 DEBUG RpcServer:79 - server started on port 18866
2016-06-06 22:31:19 DEBUG ServiceRegistry:65 - create zookeeper node (/register/com.yangyang.rpc.test.client.HelloService => 127.0.0.1:18866)
2016-06-06 22:31:59  INFO ClassPathXmlApplicationContext:512 - Refreshing org.springframework.context.support.ClassPathXmlApplicationContext@49e608c2: startup date [Mon Jun 06 22:31:59 CST 2016]; root of context hierarchy
2016-06-06 22:31:59  INFO XmlBeanDefinitionReader:316 - Loading XML bean definitions from class path resource [spring-server.xml]
2016-06-06 22:32:00  INFO PropertySourcesPlaceholderConfigurer:172 - Loading properties file from class path resource [rpc-server.properties]
2016-06-06 22:32:00  INFO DefaultListableBeanFactory:603 - Pre-instantiating singletons in org.springframework.beans.factory.support.DefaultListableBeanFactory@4456cd93: defining beans [helloPersonServiceImpl,helloServiceImpl,org.springframework.context.annotation.internalConfigurationAnnotationProcessor,org.springframework.context.annotation.internalAutowiredAnnotationProcessor,org.springframework.context.annotation.internalRequiredAnnotationProcessor,org.springframework.context.annotation.internalCommonAnnotationProcessor,org.springframework.context.support.PropertySourcesPlaceholderConfigurer#0,serviceRegistry,rpcServer,org.springframework.context.annotation.ConfigurationClassPostProcessor.importAwareProcessor]; root of factory hierarchy
2016-06-06 22:32:00  INFO RpcServer:100 - interface:[com.yangyang.rpc.test.client.HelloPersonService] can provide service
2016-06-06 22:32:00  INFO RpcServer:100 - interface:[com.yangyang.rpc.test.client.HelloService] can provide service
2016-06-06 22:32:00 DEBUG RpcServer:79 - server started on port 18866
2016-06-06 22:32:00 DEBUG ServiceRegistry:65 - create zookeeper node (/register/com.yangyang.rpc.test.client.HelloPersonService => 127.0.0.1:18866)
2016-06-06 22:32:00 DEBUG ServiceRegistry:65 - create zookeeper node (/register/com.yangyang.rpc.test.client.HelloService => 127.0.0.1:18866)
